<?xml version="1.0" encoding="UTF-8"?>
<!-- Generated by org.testng.reporters.JUnitXMLReporter -->
<testsuite ignored="16" hostname="LAPTOP-VKN4EQLF" failures="1" tests="18" name="Test" time="53.32" errors="0" timestamp="2022-01-30T22:47:49 SAST">
  <testcase classname="com.selenium_assessment.OpenApplication" name="openUrl" time="5.701"/>
  <testcase classname="com.selenium_assessment.LoginTest" name="login" time="7.126"/>
  <testcase classname="com.selenium_assessment.LoginTest" name="validateUrl" time="0.006"/>
  <testcase classname="com.selenium_assessment.LoginTest" name="checkDisplay" time="0.034"/>
  <testcase classname="com.selenium_assessment.LoginTest" name="validateWelcomeAdmin" time="0.029"/>
  <testcase classname="com.selenium_assessment.ClickAdminTab" name="validateUrl" time="0.007"/>
  <testcase classname="com.selenium_assessment.ClickAdminTab" name="checkDisplay" time="0.076"/>
  <testcase classname="com.selenium_assessment.ClickOnAdd" name="validateUrlPath" time="0.008"/>
  <testcase classname="com.selenium_assessment.ClickOnAdd" name="checkDisplay" time="0.02"/>
  <testcase classname="com.selenium_assessment.CreateUser" name="createUser" time="3.393"/>
  <testcase classname="com.selenium_assessment.CreateUser" name="validateStatusDropDown" time="0.043"/>
  <testcase classname="com.selenium_assessment.CreateUser" name="validateUserCreated" time="2.71"/>
  <testcase classname="com.selenium_assessment.Search" name="validateUsername" time="0.026"/>
  <testcase classname="com.selenium_assessment.Search" name="employeeName" time="0.021">
    <failure type="java.lang.AssertionError" message="did not expect to find [true] but found [false]">
      <![CDATA[java.lang.AssertionError: did not expect to find [true] but found [false]
at com.selenium_assessment.Search.employeeName(Search.java:78)
at java.base/java.util.ArrayList.forEach(ArrayList.java:1511)
... Removed 31 stack frames]]>
    </failure>
  </testcase> <!-- employeeName -->
  <testcase classname="com.selenium_assessment.Search" name="validateStatus" time="0.023"/>
  <testcase classname="com.selenium_assessment.Delete" name="validateNoRecords" time="6.707"/>
  <testcase classname="com.selenium_assessment.Logout" name="validateUrl" time="0.009"/>
  <testcase classname="com.selenium_assessment.Logout" name="validateTitle" time="0.006"/>
  <testcase classname="com.selenium_assessment.ConfigClass" name="@BeforeSuite setUp" time="0.0">
    <ignored/>
  </testcase> <!-- @BeforeSuite setUp -->
  <testcase classname="com.selenium_assessment.ConfigClass" name="@BeforeSuite setUp" time="0.0">
    <ignored/>
  </testcase> <!-- @BeforeSuite setUp -->
  <testcase classname="com.selenium_assessment.ConfigClass" name="@BeforeSuite setUp" time="0.0">
    <ignored/>
  </testcase> <!-- @BeforeSuite setUp -->
  <testcase classname="com.selenium_assessment.ConfigClass" name="@BeforeSuite setUp" time="0.0">
    <ignored/>
  </testcase> <!-- @BeforeSuite setUp -->
  <testcase classname="com.selenium_assessment.ConfigClass" name="@BeforeSuite setUp" time="0.0">
    <ignored/>
  </testcase> <!-- @BeforeSuite setUp -->
  <testcase classname="com.selenium_assessment.ConfigClass" name="@BeforeSuite setUp" time="0.0">
    <ignored/>
  </testcase> <!-- @BeforeSuite setUp -->
  <testcase classname="com.selenium_assessment.ConfigClass" name="@BeforeSuite setUp" time="0.0">
    <ignored/>
  </testcase> <!-- @BeforeSuite setUp -->
  <testcase classname="com.selenium_assessment.ConfigClass" name="@BeforeSuite setUp" time="0.0">
    <ignored/>
  </testcase> <!-- @BeforeSuite setUp -->
  <testcase classname="com.selenium_assessment.ConfigClass" name="@AfterSuite wrapUp" time="0.0">
    <ignored/>
  </testcase> <!-- @AfterSuite wrapUp -->
  <testcase classname="com.selenium_assessment.ConfigClass" name="@AfterSuite wrapUp" time="0.0">
    <ignored/>
  </testcase> <!-- @AfterSuite wrapUp -->
  <testcase classname="com.selenium_assessment.ConfigClass" name="@AfterSuite wrapUp" time="0.0">
    <ignored/>
  </testcase> <!-- @AfterSuite wrapUp -->
  <testcase classname="com.selenium_assessment.ConfigClass" name="@AfterSuite wrapUp" time="0.0">
    <ignored/>
  </testcase> <!-- @AfterSuite wrapUp -->
  <testcase classname="com.selenium_assessment.ConfigClass" name="@AfterSuite wrapUp" time="0.0">
    <ignored/>
  </testcase> <!-- @AfterSuite wrapUp -->
  <testcase classname="com.selenium_assessment.ConfigClass" name="@AfterSuite wrapUp" time="0.0">
    <ignored/>
  </testcase> <!-- @AfterSuite wrapUp -->
  <testcase classname="com.selenium_assessment.ConfigClass" name="@AfterSuite wrapUp" time="0.0">
    <ignored/>
  </testcase> <!-- @AfterSuite wrapUp -->
  <testcase classname="com.selenium_assessment.ConfigClass" name="@AfterSuite wrapUp" time="0.0">
    <ignored/>
  </testcase> <!-- @AfterSuite wrapUp -->
</testsuite> <!-- Test -->
